#-----------------------------------------------------------
# Vivado v2017.4 (64-bit)
# SW Build 2086221 on Fri Dec 15 20:55:39 MST 2017
# IP Build 2085800 on Fri Dec 15 22:25:07 MST 2017
# Start of session at: Mon May  4 13:04:39 2020
# Process ID: 2100
# Current directory: D:/FPGA/school_code/2-4decoder
# Command line: vivado.exe -gui_launcher_event rodinguilauncherevent6576 D:\FPGA\school_code\2-4decoder\10-4decoder.xpr
# Log file: D:/FPGA/school_code/2-4decoder/vivado.log
# Journal file: D:/FPGA/school_code/2-4decoder\vivado.jou
#-----------------------------------------------------------
start_gui
open_project D:/FPGA/school_code/2-4decoder/10-4decoder.xpr
INFO: [Project 1-313] Project file moved from 'D:/FPGA/school_code/10-4decoder' since last save.
Scanning sources...
Finished scanning sources
INFO: [IP_Flow 19-234] Refreshing IP repositories
INFO: [IP_Flow 19-1704] No user IP repositories specified
INFO: [IP_Flow 19-2313] Loaded Vivado IP repository 'D:/FPGA/Path/Vivado/2017.4/data/ip'.
open_project: Time (s): cpu = 00:00:08 ; elapsed = 00:00:12 . Memory (MB): peak = 753.270 ; gain = 90.109
update_compile_order -fileset sources_1
exit
INFO: [Common 17-206] Exiting Vivado at Mon May  4 13:06:31 2020...
